<?xml version="1.0" encoding="UTF-8"?>
<!-- Generated by org.testng.reporters.JUnitXMLReporter -->
<testsuite ignored="0" hostname="709942bd79ce577" failures="0" tests="6" name="suite_example" time="0.107" errors="0" timestamp="2023-03-30T16:53:51 IST">
  <testcase classname="src.com.ust.test.FirstTest" name="f" time="0.01"/>
  <testcase classname="src.com.ust.test.FirstTest" name="a" time="0.004"/>
  <testcase classname="src.com.ust.test.SecondTest2" name="f" time="0.002"/>
  <testcase classname="src.com.ust.test.SecondTest2" name="a" time="0.003"/>
  <testcase classname="src.com.ust.test.ThirdTest2" name="f" time="0.001"/>
  <testcase classname="src.com.ust.test.ThirdTest2" name="a" time="0.001"/>
</testsuite> <!-- suite_example -->
