<?xml version="1.0" encoding="UTF-8"?>
<testng-results ignored="0" total="6" passed="6" failed="0" skipped="0">
  <reporter-output>
  </reporter-output>
  <suite started-at="2023-03-30T16:53:51 IST" name="mytestsuite" finished-at="2023-03-30T16:53:51 IST" duration-ms="107">
    <groups>
    </groups>
    <test started-at="2023-03-30T16:53:51 IST" name="suite_example" finished-at="2023-03-30T16:53:51 IST" duration-ms="107">
      <class name="src.com.ust.test.ThirdTest2">
        <test-method is-config="true" signature="beforeTest()[pri:0, instance:src.com.ust.test.ThirdTest2@3c22fc4c]" started-at="2023-03-30T16:53:51 IST" name="beforeTest" finished-at="2023-03-30T16:53:51 IST" duration-ms="1" status="PASS">
          <reporter-output>
          </reporter-output>
        </test-method> <!-- beforeTest -->
        <test-method signature="f()[pri:1, instance:src.com.ust.test.ThirdTest2@3c22fc4c]" started-at="2023-03-30T16:53:51 IST" name="f" description="this is executed first" finished-at="2023-03-30T16:53:51 IST" duration-ms="1" status="PASS">
          <reporter-output>
          </reporter-output>
        </test-method> <!-- f -->
        <test-method signature="a()[pri:2, instance:src.com.ust.test.ThirdTest2@3c22fc4c]" started-at="2023-03-30T16:53:51 IST" name="a" description="tests description" finished-at="2023-03-30T16:53:51 IST" duration-ms="1" status="PASS">
          <reporter-output>
          </reporter-output>
        </test-method> <!-- a -->
        <test-method is-config="true" signature="afterTest()[pri:0, instance:src.com.ust.test.ThirdTest2@3c22fc4c]" started-at="2023-03-30T16:53:51 IST" name="afterTest" finished-at="2023-03-30T16:53:51 IST" duration-ms="0" status="PASS">
          <reporter-output>
          </reporter-output>
        </test-method> <!-- afterTest -->
      </class> <!-- src.com.ust.test.ThirdTest2 -->
      <class name="src.com.ust.test.FirstTest">
        <test-method is-config="true" signature="beforeTest()[pri:0, instance:src.com.ust.test.FirstTest@4ddced80]" started-at="2023-03-30T16:53:51 IST" name="beforeTest" finished-at="2023-03-30T16:53:51 IST" duration-ms="11" status="PASS">
          <reporter-output>
          </reporter-output>
        </test-method> <!-- beforeTest -->
        <test-method signature="f()[pri:1, instance:src.com.ust.test.FirstTest@4ddced80]" started-at="2023-03-30T16:53:51 IST" name="f" description="this is executed first" finished-at="2023-03-30T16:53:51 IST" duration-ms="10" status="PASS">
          <reporter-output>
          </reporter-output>
        </test-method> <!-- f -->
        <test-method signature="a()[pri:2, instance:src.com.ust.test.FirstTest@4ddced80]" started-at="2023-03-30T16:53:51 IST" name="a" description="tests description" finished-at="2023-03-30T16:53:51 IST" duration-ms="4" status="PASS">
          <reporter-output>
          </reporter-output>
        </test-method> <!-- a -->
        <test-method is-config="true" signature="afterTest()[pri:0, instance:src.com.ust.test.FirstTest@4ddced80]" started-at="2023-03-30T16:53:51 IST" name="afterTest" finished-at="2023-03-30T16:53:51 IST" duration-ms="1" status="PASS">
          <reporter-output>
          </reporter-output>
        </test-method> <!-- afterTest -->
      </class> <!-- src.com.ust.test.FirstTest -->
      <class name="src.com.ust.test.SecondTest2">
        <test-method is-config="true" signature="beforeTest()[pri:0, instance:src.com.ust.test.SecondTest2@7f552bd3]" started-at="2023-03-30T16:53:51 IST" name="beforeTest" finished-at="2023-03-30T16:53:51 IST" duration-ms="1" status="PASS">
          <reporter-output>
          </reporter-output>
        </test-method> <!-- beforeTest -->
        <test-method signature="f()[pri:1, instance:src.com.ust.test.SecondTest2@7f552bd3]" started-at="2023-03-30T16:53:51 IST" name="f" description="this is executed first" finished-at="2023-03-30T16:53:51 IST" duration-ms="2" status="PASS">
          <reporter-output>
          </reporter-output>
        </test-method> <!-- f -->
        <test-method signature="a()[pri:2, instance:src.com.ust.test.SecondTest2@7f552bd3]" started-at="2023-03-30T16:53:51 IST" name="a" description="tests description" finished-at="2023-03-30T16:53:51 IST" duration-ms="3" status="PASS">
          <reporter-output>
          </reporter-output>
        </test-method> <!-- a -->
        <test-method is-config="true" signature="afterTest()[pri:0, instance:src.com.ust.test.SecondTest2@7f552bd3]" started-at="2023-03-30T16:53:51 IST" name="afterTest" finished-at="2023-03-30T16:53:51 IST" duration-ms="0" status="PASS">
          <reporter-output>
          </reporter-output>
        </test-method> <!-- afterTest -->
      </class> <!-- src.com.ust.test.SecondTest2 -->
    </test> <!-- suite_example -->
  </suite> <!-- mytestsuite -->
</testng-results>
